Using pre-set license
Built from '6000.1/staging' branch; Version is '6000.1.11f1 (9b156bbbd4df) revision 10163563'; Using compiler version '194234433'; Build Type 'Release'
OS: 'Windows 11  (10.0.26100) 64bit Professional' Language: 'es' Physical Memory: 32473 MB
BatchMode: 1, IsHumanControllingUs: 0, StartBugReporterOnCrash: 0, Is64bit: 1, IsPro: 1
Date: 2025-10-01T17:32:05Z

COMMAND LINE ARGUMENTS:
C:\Program Files\Unity\Hub\Editor\6000.1.11f1\Editor\Unity.exe
-adb2
-batchMode
-noUpm
-name
AssetImportWorker2
-projectPath
C:/Users/Alumno/Desktop/ShaderLab_250925/ShaderLab
-logFile
Logs/AssetImportWorker2.log
-srvPort
52420
-job-worker-count
15
-background-job-worker-count
8
-gc-helper-count
1
-name
AssetImport
Successfully changed project path to: C:/Users/Alumno/Desktop/ShaderLab_250925/ShaderLab
C:/Users/Alumno/Desktop/ShaderLab_250925/ShaderLab
[UnityMemory] Configuration Parameters - Can be set up in boot.config
    "memorysetup-allocator-temp-initial-block-size-main=262144"
    "memorysetup-allocator-temp-initial-block-size-worker=262144"
    "memorysetup-bucket-allocator-granularity=16"
    "memorysetup-bucket-allocator-bucket-count=8"
    "memorysetup-bucket-allocator-block-size=33554432"
    "memorysetup-bucket-allocator-block-count=8"
    "memorysetup-main-allocator-block-size=16777216"
    "memorysetup-thread-allocator-block-size=16777216"
    "memorysetup-gfx-main-allocator-block-size=16777216"
    "memorysetup-gfx-thread-allocator-block-size=16777216"
    "memorysetup-cache-allocator-block-size=4194304"
    "memorysetup-typetree-allocator-block-size=2097152"
    "memorysetup-profiler-bucket-allocator-granularity=16"
    "memorysetup-profiler-bucket-allocator-bucket-count=8"
    "memorysetup-profiler-bucket-allocator-block-size=33554432"
    "memorysetup-profiler-bucket-allocator-block-count=8"
    "memorysetup-profiler-allocator-block-size=16777216"
    "memorysetup-profiler-editor-allocator-block-size=1048576"
    "memorysetup-temp-allocator-size-main=16777216"
    "memorysetup-job-temp-allocator-block-size=2097152"
    "memorysetup-job-temp-allocator-block-size-background=1048576"
    "memorysetup-job-temp-allocator-reduction-small-platforms=262144"
    "memorysetup-temp-allocator-size-background-worker=32768"
    "memorysetup-temp-allocator-size-job-worker=262144"
    "memorysetup-temp-allocator-size-preload-manager=33554432"
    "memorysetup-temp-allocator-size-nav-mesh-worker=65536"
    "memorysetup-temp-allocator-size-audio-worker=65536"
    "memorysetup-temp-allocator-size-cloud-worker=32768"
    "memorysetup-temp-allocator-size-gi-baking-worker=262144"
    "memorysetup-temp-allocator-size-gi-baking-worker=262144"
    "memorysetup-temp-allocator-size-gi-baking-worker=262144"
    "memorysetup-temp-allocator-size-gi-baking-worker=262144"
    "memorysetup-temp-allocator-size-gi-baking-worker=262144"
    "memorysetup-temp-allocator-size-gfx=262144"
Player connection [23836]  Target information:

Player connection [23836]  * "[IP] 10.20.2.194 [Port] 0 [Flags] 2 [Guid] 2725541174 [EditorId] 2725541174 [Version] 1048832 [Id] WindowsEditor(7,A97-MIYAMOTO-05) [Debug] 1 [PackageName] WindowsEditor [ProjectName] Editor" 

Player connection [23836]  * "[IP] 192.168.56.1 [Port] 0 [Flags] 2 [Guid] 2725541174 [EditorId] 2725541174 [Version] 1048832 [Id] WindowsEditor(7,A97-MIYAMOTO-05) [Debug] 1 [PackageName] WindowsEditor [ProjectName] Editor" 

Player connection [23836] Host joined multi-casting on [225.0.0.222:54997]...
Player connection [23836] Host joined alternative multi-casting on [225.0.0.222:34997]...
JobSystem: Creating JobQueue using job-worker-count value 15
Input System module state changed to: Initialized.
[Physics::Module] Initialized fallback backend.
[Physics::Module] Id: 0xdecafbad
Library Redirect Path: Library/
[Physics::Module] Selected backend.
[Physics::Module] Name: PhysX
[Physics::Module] Id: 0xf2b8ea05
[Physics::Module] SDK Version: 4.1.2
[Physics::Module] Integration Version: 1.0.0
[Physics::Module] Threading Mode: Multi-Threaded
Refreshing native plugins compatible for Editor in 1.57 ms, found 3 plugins.
Preloading 0 native plugins for Editor in 0.00 ms.
Initialize engine version: 6000.1.11f1 (9b156bbbd4df)
[Subsystems] Discovering subsystems at path C:/Program Files/Unity/Hub/Editor/6000.1.11f1/Editor/Data/Resources/UnitySubsystems
[Subsystems] Discovering subsystems at path C:/Users/Alumno/Desktop/ShaderLab_250925/ShaderLab/Assets
GfxDevice: creating device client; kGfxThreadingModeNonThreaded
Direct3D:
    Version:         Direct3D 12 [level 12.1]
    Renderer:        NVIDIA GeForce RTX 5070 (ID=0x2f04)
    Vendor:          NVIDIA
    VRAM:            11855 MB
    App VRAM Budget: 11087 MB
    Driver:          32.0.15.8088
Initialize mono
Mono path[0] = 'C:/Program Files/Unity/Hub/Editor/6000.1.11f1/Editor/Data/Managed'
Mono path[1] = 'C:/Program Files/Unity/Hub/Editor/6000.1.11f1/Editor/Data/MonoBleedingEdge/lib/mono/unityjit-win32'
Mono config path = 'C:/Program Files/Unity/Hub/Editor/6000.1.11f1/Editor/Data/MonoBleedingEdge/etc'
Using monoOptions --debugger-agent=transport=dt_socket,embedding=1,server=y,suspend=n,address=127.0.0.1:56932
Begin MonoManager ReloadAssembly
Registering precompiled unity dll's ...
Register platform support module: C:/Program Files/Unity/Hub/Editor/6000.1.11f1/Editor/Data/PlaybackEngines/WindowsStandaloneSupport/UnityEditor.WindowsStandalone.Extensions.dll
Register platform support module: C:/Program Files/Unity/Hub/Editor/6000.1.11f1/Editor/Data/PlaybackEngines/MetroSupport/UnityEditor.UWP.Extensions.dll
Register platform support module: C:/Program Files/Unity/Hub/Editor/6000.1.11f1/Editor/Data/PlaybackEngines/AndroidPlayer/UnityEditor.Android.Extensions.dll
Registered in 0.001929 seconds.
- Loaded All Assemblies, in  0.226 seconds
Native extension for Android target not found
Android Extension - Scanning For ADB Devices 141 ms
Native extension for UWP target not found
Native extension for WindowsStandalone target not found
Mono: successfully reloaded assembly
- Finished resetting the current domain, in  0.357 seconds
Domain Reload Profiling: 582ms
	BeginReloadAssembly (75ms)
		ExecutionOrderSort (0ms)
		DisableScriptedObjects (0ms)
		BackupInstance (0ms)
		ReleaseScriptingObjects (0ms)
		CreateAndSetChildDomain (0ms)
	RebuildCommonClasses (21ms)
	RebuildNativeTypeToScriptingClass (7ms)
	initialDomainReloadingComplete (28ms)
	LoadAllAssembliesAndSetupDomain (94ms)
		LoadAssemblies (74ms)
		RebuildTransferFunctionScriptingTraits (0ms)
		AnalyzeDomain (92ms)
			TypeCache.Refresh (91ms)
				TypeCache.ScanAssembly (82ms)
			BuildScriptInfoCaches (0ms)
			ResolveRequiredComponents (0ms)
	FinalizeReload (357ms)
		ReleaseScriptCaches (0ms)
		RebuildScriptCaches (0ms)
		SetupLoadedEditorAssemblies (334ms)
			LogAssemblyErrors (0ms)
			InitializePlatformSupportModulesInManaged (206ms)
			SetLoadedEditorAssemblies (2ms)
			BeforeProcessingInitializeOnLoad (31ms)
			ProcessInitializeOnLoadAttributes (66ms)
			ProcessInitializeOnLoadMethodAttributes (29ms)
			AfterProcessingInitializeOnLoad (0ms)
			EditorAssembliesLoaded (0ms)
		ExecutionOrderSort2 (0ms)
		AwakeInstancesAfterBackupRestoration (0ms)
========================================================================
Worker process is ready to serve import requests
Import Worker Mode flag is 0x00
Begin MonoManager ReloadAssembly
- Loaded All Assemblies, in  0.404 seconds
Refreshing native plugins compatible for Editor in 0.51 ms, found 3 plugins.
Native extension for Android target not found
Native extension for UWP target not found
Native extension for WindowsStandalone target not found
Mono: successfully reloaded assembly
- Finished resetting the current domain, in  0.304 seconds
Domain Reload Profiling: 707ms
	BeginReloadAssembly (103ms)
		ExecutionOrderSort (0ms)
		DisableScriptedObjects (4ms)
		BackupInstance (0ms)
		ReleaseScriptingObjects (0ms)
		CreateAndSetChildDomain (18ms)
	RebuildCommonClasses (29ms)
	RebuildNativeTypeToScriptingClass (7ms)
	initialDomainReloadingComplete (22ms)
	LoadAllAssembliesAndSetupDomain (242ms)
		LoadAssemblies (186ms)
		RebuildTransferFunctionScriptingTraits (0ms)
		AnalyzeDomain (113ms)
			TypeCache.Refresh (91ms)
				TypeCache.ScanAssembly (81ms)
			BuildScriptInfoCaches (17ms)
			ResolveRequiredComponents (3ms)
	FinalizeReload (304ms)
		ReleaseScriptCaches (0ms)
		RebuildScriptCaches (0ms)
		SetupLoadedEditorAssemblies (236ms)
			LogAssemblyErrors (0ms)
			InitializePlatformSupportModulesInManaged (6ms)
			SetLoadedEditorAssemblies (2ms)
			BeforeProcessingInitializeOnLoad (47ms)
			ProcessInitializeOnLoadAttributes (166ms)
			ProcessInitializeOnLoadMethodAttributes (14ms)
			AfterProcessingInitializeOnLoad (2ms)
			EditorAssembliesLoaded (0ms)
		ExecutionOrderSort2 (0ms)
		AwakeInstancesAfterBackupRestoration (3ms)
Launched and connected shader compiler UnityShaderCompiler.exe after 0.01 seconds
Refreshing native plugins compatible for Editor in 0.44 ms, found 3 plugins.
Preloading 0 native plugins for Editor in 0.00 ms.
Unloading 10 Unused Serialized files (Serialized files now loaded: 0)
Unloading 3818 unused Assets / (1.1 MB). Loaded Objects now: 4313.
Memory consumption went from 86.2 MB to 85.1 MB.
Total: 3.575600 ms (FindLiveObjects: 0.254700 ms CreateObjectMapping: 0.114400 ms MarkObjects: 2.580400 ms  DeleteObjects: 0.625500 ms)

========================================================================
Received Import Request.
  Time since last request: 13023.180713 seconds.
  path: Assets/Zombunny/ZombunnyTextures/ZomBunnyNormals.png
  artifactKey: Guid(4e88f01c1b96d487da516c8c0d7b237b) Importer(815301076,1909f56bfc062723c751e8b465ee728b)
Start importing Assets/Zombunny/ZombunnyTextures/ZomBunnyNormals.png using Guid(4e88f01c1b96d487da516c8c0d7b237b) Importer(815301076,1909f56bfc062723c751e8b465ee728b) (PreviewImporter) -> (artifact id: '14cb1edb8102c2d085c69e557ddc9000') in 0.0756599 seconds
Number of updated asset objects reloaded before import = 1Number of asset objects unloaded after import = 2

========================================================================
Received Import Request.
  Time since last request: 413.688179 seconds.
  path: Assets/Shaders/MyFirstShader_Material.mat
  artifactKey: Guid(24a19869c6a5105479a6c3c81922ee9e) Importer(815301076,1909f56bfc062723c751e8b465ee728b)
Start importing Assets/Shaders/MyFirstShader_Material.mat using Guid(24a19869c6a5105479a6c3c81922ee9e) Importer(815301076,1909f56bfc062723c751e8b465ee728b) (PreviewImporter) -> (artifact id: '800cd9e5df668b224587e9d5b912a16e') in 0.0632422 seconds
Number of updated asset objects reloaded before import = 1Number of asset objects unloaded after import = 1

========================================================================
Received Import Request.
  Time since last request: 86.230609 seconds.
  path: Assets/Zombunny/ZombunnyTextures/ZomBunnyNormals.png
  artifactKey: Guid(4e88f01c1b96d487da516c8c0d7b237b) Importer(815301076,1909f56bfc062723c751e8b465ee728b)
Start importing Assets/Zombunny/ZombunnyTextures/ZomBunnyNormals.png using Guid(4e88f01c1b96d487da516c8c0d7b237b) Importer(815301076,1909f56bfc062723c751e8b465ee728b) (PreviewImporter) -> (artifact id: 'de3af82843689ddccf191415e57707b0') in 0.0398669 seconds
Number of updated asset objects reloaded before import = 0Number of asset objects unloaded after import = 1

========================================================================
Received Import Request.
  Time since last request: 13.486599 seconds.
  path: Assets/Zombunny/ZombunnyTextures/ZomBunnyNormals.png
  artifactKey: Guid(4e88f01c1b96d487da516c8c0d7b237b) Importer(815301076,1909f56bfc062723c751e8b465ee728b)
Start importing Assets/Zombunny/ZombunnyTextures/ZomBunnyNormals.png using Guid(4e88f01c1b96d487da516c8c0d7b237b) Importer(815301076,1909f56bfc062723c751e8b465ee728b) (PreviewImporter) -> (artifact id: 'c14e9f2c2027e38914902b7be6a4f418') in 0.0321333 seconds
Number of updated asset objects reloaded before import = 0Number of asset objects unloaded after import = 1

========================================================================
Received Import Request.
  Time since last request: 122.403571 seconds.
  path: Assets/Shaders/TextureShader.shader
  artifactKey: Guid(c66711515d85bea4f82b3efefb3deb8b) Importer(815301076,1909f56bfc062723c751e8b465ee728b)
Start importing Assets/Shaders/TextureShader.shader using Guid(c66711515d85bea4f82b3efefb3deb8b) Importer(815301076,1909f56bfc062723c751e8b465ee728b) (PreviewImporter) -> (artifact id: '5f088e2046821469f5c803c6aab7fec4') in 0.000881 seconds
Number of updated asset objects reloaded before import = 0Number of asset objects unloaded after import = 0

========================================================================
Received Import Request.
  Time since last request: 213.175935 seconds.
  path: Assets/Shaders/DotProduct.shader
  artifactKey: Guid(c2418e3b62710e045876a80da75eb5b8) Importer(815301076,1909f56bfc062723c751e8b465ee728b)
Start importing Assets/Shaders/DotProduct.shader using Guid(c2418e3b62710e045876a80da75eb5b8) Importer(815301076,1909f56bfc062723c751e8b465ee728b) (PreviewImporter) -> (artifact id: 'b8e6749b5f447c09eb0a67a4f5dcce11') in 0.0015333 seconds
Number of updated asset objects reloaded before import = 0Number of asset objects unloaded after import = 1

========================================================================
Received Import Request.
  Time since last request: 10.623914 seconds.
  path: Assets/Shaders/DotProductMaterial.mat
  artifactKey: Guid(0ba03dbd5c10f6e4f9f05eb3c420b49e) Importer(815301076,1909f56bfc062723c751e8b465ee728b)
Start importing Assets/Shaders/DotProductMaterial.mat using Guid(0ba03dbd5c10f6e4f9f05eb3c420b49e) Importer(815301076,1909f56bfc062723c751e8b465ee728b) (PreviewImporter) -> (artifact id: '193def098dba2f2c278a33d58085acb9') in 0.1362793 seconds
Number of updated asset objects reloaded before import = 0Number of asset objects unloaded after import = 2

========================================================================
Received Import Request.
  Time since last request: 168.866394 seconds.
  path: Assets/Shaders/DotProductMaterial.mat
  artifactKey: Guid(0ba03dbd5c10f6e4f9f05eb3c420b49e) Importer(815301076,1909f56bfc062723c751e8b465ee728b)
Start importing Assets/Shaders/DotProductMaterial.mat using Guid(0ba03dbd5c10f6e4f9f05eb3c420b49e) Importer(815301076,1909f56bfc062723c751e8b465ee728b) (PreviewImporter) -> (artifact id: 'af1f505b2a6a53df525294c794f03abb') in 0.0685812 seconds
Number of updated asset objects reloaded before import = 1Number of asset objects unloaded after import = 2

========================================================================
Received Import Request.
  Time since last request: 56.474958 seconds.
  path: Assets/Shaders/DotProduct.shader
  artifactKey: Guid(c2418e3b62710e045876a80da75eb5b8) Importer(815301076,1909f56bfc062723c751e8b465ee728b)
Start importing Assets/Shaders/DotProduct.shader using Guid(c2418e3b62710e045876a80da75eb5b8) Importer(815301076,1909f56bfc062723c751e8b465ee728b) (PreviewImporter) -> (artifact id: '12158e019b68cd1452502ff549860e60') in 0.0010622 seconds
Number of updated asset objects reloaded before import = 1Number of asset objects unloaded after import = 1

========================================================================
Received Import Request.
  Time since last request: 46.209140 seconds.
  path: Assets/Shaders/DotProduct.shader
  artifactKey: Guid(c2418e3b62710e045876a80da75eb5b8) Importer(815301076,1909f56bfc062723c751e8b465ee728b)
Start importing Assets/Shaders/DotProduct.shader using Guid(c2418e3b62710e045876a80da75eb5b8) Importer(815301076,1909f56bfc062723c751e8b465ee728b) (PreviewImporter) -> (artifact id: 'e20ecf76370f0c68e06dfb11ea5e8b95') in 0.0012647 seconds
Number of updated asset objects reloaded before import = 0Number of asset objects unloaded after import = 1

========================================================================
Received Import Request.
  Time since last request: 44.796946 seconds.
  path: Assets/Shaders/DotProduct.shader
  artifactKey: Guid(c2418e3b62710e045876a80da75eb5b8) Importer(815301076,1909f56bfc062723c751e8b465ee728b)
Start importing Assets/Shaders/DotProduct.shader using Guid(c2418e3b62710e045876a80da75eb5b8) Importer(815301076,1909f56bfc062723c751e8b465ee728b) (PreviewImporter) -> (artifact id: 'b63990075770174f5e30718fa589d919') in 0.0013036 seconds
Number of updated asset objects reloaded before import = 0Number of asset objects unloaded after import = 1

========================================================================
Received Import Request.
  Time since last request: 2.570275 seconds.
  path: Assets/Shaders/DotProductMaterial.mat
  artifactKey: Guid(0ba03dbd5c10f6e4f9f05eb3c420b49e) Importer(815301076,1909f56bfc062723c751e8b465ee728b)
Start importing Assets/Shaders/DotProductMaterial.mat using Guid(0ba03dbd5c10f6e4f9f05eb3c420b49e) Importer(815301076,1909f56bfc062723c751e8b465ee728b) (PreviewImporter) -> (artifact id: 'cd7617bca4220972fbd8b8c67aeea8ce') in 0.0812298 seconds
Number of updated asset objects reloaded before import = 0Number of asset objects unloaded after import = 2

========================================================================
Received Import Request.
  Time since last request: 6.642857 seconds.
  path: Assets/Shaders/TextureShaderMaterial.mat
  artifactKey: Guid(661956ea85e0bb34b855e5221d35fda5) Importer(815301076,1909f56bfc062723c751e8b465ee728b)
Start importing Assets/Shaders/TextureShaderMaterial.mat using Guid(661956ea85e0bb34b855e5221d35fda5) Importer(815301076,1909f56bfc062723c751e8b465ee728b) (PreviewImporter) -> (artifact id: 'ad483c6f3e2464223eda79c01bb54b7c') in 0.1102724 seconds
Number of updated asset objects reloaded before import = 0Number of asset objects unloaded after import = 3

